[32m[2017-06-28 11:38:05.217] [INFO] BlockchainSampleClient - [39m
[32m[2017-06-28 11:38:05.219] [INFO] BlockchainSampleClient - [39m-----------------------------------------------------------------------------
[32m[2017-06-28 11:38:05.219] [INFO] BlockchainSampleClient - [39m>>> BlockchainSampleClient env local, started Wed Jun 28 2017 11:38:05 GMT+0530 (IST) <<<
[32m[2017-06-28 11:38:05.220] [INFO] BlockchainSampleClient - [39m-----------------------------------------------------------------------------
[32m[2017-06-28 11:38:05.220] [INFO] BlockchainSampleClient - [39mNode started via(process.argv): /usr/bin/nodejs,/home/risabh/nodeWorkspace/p2plending/p2pnode/app.js
[32m[2017-06-28 11:38:05.221] [INFO] BlockchainSampleClient - [39mNode version: v6.10.3
[32m[2017-06-28 11:38:05.221] [INFO] BlockchainSampleClient - [39mNode and its dependency versions: {"http_parser":"2.7.0","node":"6.10.3","v8":"5.1.281.101","uv":"1.9.1","zlib":"1.2.11","ares":"1.10.1-DEV","icu":"56.1","modules":"48","openssl":"1.0.2k"}
[32m[2017-06-28 11:38:05.221] [INFO] BlockchainSampleClient - [39m
[32m[2017-06-28 11:38:05.223] [INFO] loggingHelper - [39mCreated logger for app.js at level ALL
[34m[2017-06-28 11:38:05.226] [TRACE] app.js - [39msetup : entry
[34m[2017-06-28 11:38:05.228] [TRACE] datastore.js - [39minit : entry 
[34m[2017-06-28 11:38:05.228] [TRACE] datastore.js - [39minit : params - {"name":"Cloudant NoSQL DB-vern","label":"cloudantNoSQLDB","plan":"Lite","credentials":{"username":"9ccffff1-ce80-4908-8da1-56b68d64bc68-bluemix","password":"82ecbcc036adcc89fdd43464e6cb51f5aa276d5a2eb74a439e2a53bfe77b3704","host":"9ccffff1-ce80-4908-8da1-56b68d64bc68-bluemix.cloudant.com","port":443,"url":"https://9ccffff1-ce80-4908-8da1-56b68d64bc68-bluemix:82ecbcc036adcc89fdd43464e6cb51f5aa276d5a2eb74a439e2a53bfe77b3704@9ccffff1-ce80-4908-8da1-56b68d64bc68-bluemix.cloudant.com"}} 
[34m[2017-06-28 11:38:05.246] [TRACE] app.js - [39mgetCloudantKeyValStore : entry 
[34m[2017-06-28 11:38:05.247] [TRACE] app.js - [39mgetCloudantKeyValStore : params - "devworks_app_master" 
[34m[2017-06-28 11:38:05.248] [TRACE] datastore.js - [39mgetDbInstance : entry 
[34m[2017-06-28 11:38:05.248] [TRACE] datastore.js - [39mgetDbInstance : params - "devworks_app_master" 
[32m[2017-06-28 11:38:06.057] [INFO] datastore.js - [39mgetDbInstance : devworks_app_master already exists. - undefined
[34m[2017-06-28 11:38:06.068] [TRACE] blockchain_network - [39msetupBlockchain : entry 
[34m[2017-06-28 11:38:06.068] [TRACE] blockchain_network - [39msetupBlockchain : params - [Circular] 
[34m[2017-06-28 11:38:06.072] [TRACE] blockchain_network - [39mchainInit : entry 
[34m[2017-06-28 11:38:06.077] [TRACE] blockchain_network - [39mchainInit : params - [Circular] 
[32m[2017-06-28 11:38:06.084] [INFO] blockchain_network - [39mchainInit : Chain Initialized - Chain {  peers: [],  securityEnabled: true,  members: {},  tcertBatchSize: 200,  devMode: false,  preFetchMode: true,  deployWaitTime: 100,  invokeWaitTime: 5,  name: 'sc_cc',  eventHub:    EventHub {     txCallback: [Function],     chaincodeRegistrants: HashTable {},     blockRegistrants: Set {},     txRegistrants: HashTable {},     ep: null,     connected: false },  keyValStore: CloudantKeyValStore { dbName: 'devworks_app_master', dbInstance: [Object] } }
[32m[2017-06-28 11:38:06.087] [INFO] blockchain_network - [39mloadNetworkConfiguration : Successfully loaded network configuration - undefined
[34m[2017-06-28 11:38:06.262] [TRACE] blockchain_network - [39mdoLogin : entry
[34m[2017-06-28 11:38:06.285] [TRACE] kv_store_model - [39mget : entry 
[34m[2017-06-28 11:38:06.285] [TRACE] kv_store_model - [39mget : params - {"id":"member.WebAppAdmin"} 
[32m[2017-06-28 11:38:06.470] [INFO] kv_store_model - [39mget : successfully fetched member file with id member.WebAppAdmin - undefined
[32m[2017-06-28 11:38:06.485] [INFO] blockchain_network - [39mdoLogin : Successfully logged in user on blockchain: WebAppAdmin - undefined
[32m[2017-06-28 11:38:06.486] [INFO] blockchain_network - [39mconfigureNetwork : Successfully enrolled registrar: WebAppAdmin - undefined
[32m[2017-06-28 11:38:06.487] [INFO] blockchain_network - [39msetupBlockchain : blockchain setup complete - undefined
[34m[2017-06-28 11:38:06.492] [TRACE] kv_store_model - [39mget : entry 
[34m[2017-06-28 11:38:06.495] [TRACE] kv_store_model - [39mget : params - {"id":"member.risabh.s"} 
[32m[2017-06-28 11:38:06.675] [INFO] kv_store_model - [39mget : successfully fetched member file with id member.risabh.s - undefined
[32m[2017-06-28 11:38:06.693] [INFO] blockchain_sdk - [39mregisterUser : Successfully registered user on blockchain: risabh.s - undefined
[34m[2017-06-28 11:38:06.695] [TRACE] blockchain_sdk - [39mdoLogin : entry
[32m[2017-06-28 11:38:06.701] [INFO] blockchain_sdk - [39mdoLogin : Successfully logged in user on blockchain: risabh.s - undefined
[32m[2017-06-28 11:38:06.701] [INFO] console - [39mserver is running on3001
[32m[2017-06-28 12:06:21.405] [INFO] console - [39mdata in id:35132
[32m[2017-06-28 12:06:21.419] [INFO] console - [39mdata in name:mohanraj
[32m[2017-06-28 12:06:21.419] [INFO] console - [39mdata in email:mr@rpqb.com
[32m[2017-06-28 12:06:21.420] [INFO] console - [39mdata in phone:12344567890
[32m[2017-06-28 12:06:21.420] [INFO] console - [39mdata in pan:pan12345
[32m[2017-06-28 12:06:21.420] [INFO] console - [39mdata in aadhar:123423513256
[32m[2017-06-28 12:06:21.421] [INFO] console - [39mdata in usertype:lender
[32m[2017-06-28 12:06:21.421] [INFO] console - [39mdata in upi:upi@1324234
[32m[2017-06-28 12:06:21.421] [INFO] console - [39mdata in passpin:123423
[32m[2017-06-28 12:06:21.421] [INFO] console - [39mregister object[object Object]
[32m[2017-06-28 12:06:21.422] [INFO] console - [39mENTERING THE Userregisteration from register.js to blockchainSdk
[32m[2017-06-28 12:06:21.422] [INFO] console - [39mcalling SDK for registration
[34m[2017-06-28 12:06:21.423] [TRACE] blockchain_sdk - [39mUserRegisteration : entry 
[34m[2017-06-28 12:06:21.424] [TRACE] blockchain_sdk - [39mUserRegisteration : params - {"user":"risabh.s","UserDetails":{"id":"35132","name":"mohanraj","email":"mr@rpqb.com","phone":"12344567890","pan":"pan12345","aadhar":"123423513256","usertype":"lender","upi":"upi@1324234","passpin":"123423"}} 
[34m[2017-06-28 12:06:21.425] [TRACE] blockchain_sdk - [39mdoInvoke : entry 
[34m[2017-06-28 12:06:21.425] [TRACE] blockchain_sdk - [39mdoInvoke : params - {"requestSpec":{"chaincodeID":"c8e6c8f4e5652369fdd207d6390155260994fa98b06696352af0d6584bea6c3c5ef062f9bef2ca90301c9b3e755f79d7ac6ce9ee6d69a63d7f788c4b601e57fc","fcn":"registerUser","args":["35132","mohanraj","mr@rpqb.com","12344567890","pan12345","123423513256","lender","upi@1324234","123423"]},"user":"risabh.s","retryCounter":0} 
[32m[2017-06-28 12:06:28.112] [INFO] blockchain_sdk - [39mdoInvoke : Transaction for invoke submitted  - {"chaincodeID":"c8e6c8f4e5652369fdd207d6390155260994fa98b06696352af0d6584bea6c3c5ef062f9bef2ca90301c9b3e755f79d7ac6ce9ee6d69a63d7f788c4b601e57fc","fcn":"registerUser","args":["35132","mohanraj","mr@rpqb.com","12344567890","pan12345","123423513256","lender","upi@1324234","123423"]}
[32m[2017-06-28 12:06:28.114] [INFO] blockchain_sdk - [39mUserRegisteration : Successfully registered user - EventInvokeSubmitted { uuid: '0319e527-c418-445e-95d2-dc024a651259' }
[32m[2017-06-28 12:06:31.820] [INFO] blockchain_sdk - [39mdoInvoke : Transaction for invoke complete  - EventInvokeComplete { result: 'Tx 0319e527-c418-445e-95d2-dc024a651259 complete' }
[32m[2017-06-28 13:57:39.558] [INFO] console - [39m{ user: 'risabh.s', getcusers: 'getcusers' } 'data in params for query method'
[34m[2017-06-28 13:57:39.562] [TRACE] blockchain_sdk - [39mfetch campaign details : entry 
[34m[2017-06-28 13:57:39.562] [TRACE] blockchain_sdk - [39mfetch campaign details : params - {"user":"risabh.s","getcusers":"getcusers"} 
[34m[2017-06-28 13:57:39.565] [TRACE] blockchain_sdk - [39mdoQuery : entry 
[34m[2017-06-28 13:57:39.565] [TRACE] blockchain_sdk - [39mdoQuery : params - {"requestSpec":{"chaincodeID":"c8e6c8f4e5652369fdd207d6390155260994fa98b06696352af0d6584bea6c3c5ef062f9bef2ca90301c9b3e755f79d7ac6ce9ee6d69a63d7f788c4b601e57fc","fcn":"readuser","args":["getcusers"]},"user":"risabh.s","retryCounter":0} 
[31m[2017-06-28 13:57:39.830] [ERROR] blockchain_sdk - [39mdoQuery : Could not perform query  - EventTransactionError {  error:    { Error: {"created":"@1498638459.827371615","description":"Secure read failed","file":"../src/core/lib/security/transport/secure_endpoint.c","file_line":157,"grpc_status":14,"referenced_errors":[{"created":"@1498638459.827355378","description":"OS Error","errno":104,"file":"../src/core/lib/iomgr/tcp_posix.c","file_line":229,"os_error":"Connection reset by peer","syscall":"recvmsg"}]}       at /home/risabh/nodeWorkspace/p2plending/p2pnode/node_modules/grpc/src/node/src/client.js:417:17 code: 14, metadata: [Object] },  msg: 'Error: {"created":"@1498638459.827371615","description":"Secure read failed","file":"../src/core/lib/security/transport/secure_endpoint.c","file_line":157,"grpc_status":14,"referenced_errors":[{"created":"@1498638459.827355378","description":"OS Error","errno":104,"file":"../src/core/lib/iomgr/tcp_posix.c","file_line":229,"os_error":"Connection reset by peer","syscall":"recvmsg"}]}' }
[31m[2017-06-28 13:57:41.833] [ERROR] blockchain_sdk - [39mrecursiveQuery : Query Retry 0 - {"statusCode":500,"body":"Could not perform query "}
[34m[2017-06-28 13:57:41.839] [TRACE] blockchain_sdk - [39mdoQuery : entry 
[34m[2017-06-28 13:57:41.839] [TRACE] blockchain_sdk - [39mdoQuery : params - {"requestSpec":{"chaincodeID":"c8e6c8f4e5652369fdd207d6390155260994fa98b06696352af0d6584bea6c3c5ef062f9bef2ca90301c9b3e755f79d7ac6ce9ee6d69a63d7f788c4b601e57fc","fcn":"readuser","args":["getcusers"]},"user":"risabh.s","retryCounter":1} 
[32m[2017-06-28 13:57:43.391] [INFO] blockchain_sdk - [39mdoQuery : data in data.result  - <Buffer 7b 22 63 61 6d 70 61 69 67 6e 6c 69 73 74 22 3a 5b 7b 22 73 74 61 74 75 73 22 3a 22 61 63 74 69 76 65 22 2c 22 69 64 22 3a 34 32 33 32 2c 22 75 73 65 ... >
[32m[2017-06-28 13:57:43.395] [INFO] blockchain_sdk - [39mdoQuery : data in buffer.tostring  - '{"campaignlist":[{"status":"active","id":4232,"userid":"r@r.com","title":"save me","description":"short discription","loanamount":100000,"interest":7.800000190734863,"noOfTerms":60,"bidlist":null,"bidinfo":{"id":0,"bidcreationtime":0,"campaignid":0,"userid":"","quote":0},"notermsremaining":0},{"status":"active","id":4232,"userid":"r@r.com","title":"save me","description":"short discription","loanamount":100000,"interest":7.800000190734863,"noOfTerms":60,"bidlist":null,"bidinfo":{"id":0,"bidcreationtime":0,"campaignid":0,"userid":"","quote":0},"notermsremaining":0},{"status":"active","id":4232,"userid":"r@r.com","title":"save me","description":"short discription","loanamount":100000,"interest":7.800000190734863,"noOfTerms":60,"bidlist":null,"bidinfo":{"id":0,"bidcreationtime":0,"campaignid":0,"userid":"","quote":0},"notermsremaining":0},{"status":"active","id":4232,"userid":"r@r.com","title":"save me","description":"short discription","loanamount":100000,"interest":7.800000190734863,"noOfTerms":60,"bidlist":null,"bidinfo":{"id":0,"bidcreationtime":0,"campaignid":0,"userid":"","quote":0},"notermsremaining":0},{"status":"active","id":57402,"userid":"r@r.com","title":"save me","description":"short discription","loanamount":100000,"interest":7.800000190734863,"noOfTerms":60,"bidlist":null,"bidinfo":{"id":0,"bidcreationtime":0,"campaignid":0,"userid":"","quote":0},"notermsremaining":0},{"status":"active","id":54862,"userid":"r@r.com","title":"save me","description":"short discription","loanamount":100000,"interest":7.800000190734863,"noOfTerms":60,"bidlist":null,"bidinfo":{"id":0,"bidcreationtime":0,"campaignid":0,"userid":"","quote":0},"notermsremaining":0},{"status":"active","id":71144,"userid":"r@r123.com","title":"axe effect","description":"short discription","loanamount":1000,"interest":7,"noOfTerms":60,"bidlist":null,"bidinfo":{"id":0,"bidcreationtime":0,"campaignid":0,"userid":"","quote":0},"notermsremaining":0},{"status":"active","id":6353,"userid":"r@r.com","title":"save me","description":"short discription","loanamount":100000,"interest":7.800000190734863,"noOfTerms":60,"bidlist":null,"bidinfo":{"id":0,"bidcreationtime":0,"campaignid":0,"userid":"","quote":0},"notermsremaining":0},{"status":"active","id":64457,"userid":"r@r.com","title":"save me","description":"short discription","loanamount":100000,"interest":7.800000190734863,"noOfTerms":60,"bidlist":null,"bidinfo":{"id":0,"bidcreationtime":0,"campaignid":0,"userid":"","quote":0},"notermsremaining":0}]}'
[32m[2017-06-28 13:57:43.396] [INFO] blockchain_sdk - [39mfetched campaign details : Successfully fetched login details - {"campaignlist":[{"status":"active","id":4232,"userid":"r@r.com","title":"save me","description":"short discription","loanamount":100000,"interest":7.800000190734863,"noOfTerms":60,"bidlist":null,"bidinfo":{"id":0,"bidcreationtime":0,"campaignid":0,"userid":"","quote":0},"notermsremaining":0},{"status":"active","id":4232,"userid":"r@r.com","title":"save me","description":"short discription","loanamount":100000,"interest":7.800000190734863,"noOfTerms":60,"bidlist":null,"bidinfo":{"id":0,"bidcreationtime":0,"campaignid":0,"userid":"","quote":0},"notermsremaining":0},{"status":"active","id":4232,"userid":"r@r.com","title":"save me","description":"short discription","loanamount":100000,"interest":7.800000190734863,"noOfTerms":60,"bidlist":null,"bidinfo":{"id":0,"bidcreationtime":0,"campaignid":0,"userid":"","quote":0},"notermsremaining":0},{"status":"active","id":4232,"userid":"r@r.com","title":"save me","description":"short discription","loanamount":100000,"interest":7.800000190734863,"noOfTerms":60,"bidlist":null,"bidinfo":{"id":0,"bidcreationtime":0,"campaignid":0,"userid":"","quote":0},"notermsremaining":0},{"status":"active","id":57402,"userid":"r@r.com","title":"save me","description":"short discription","loanamount":100000,"interest":7.800000190734863,"noOfTerms":60,"bidlist":null,"bidinfo":{"id":0,"bidcreationtime":0,"campaignid":0,"userid":"","quote":0},"notermsremaining":0},{"status":"active","id":54862,"userid":"r@r.com","title":"save me","description":"short discription","loanamount":100000,"interest":7.800000190734863,"noOfTerms":60,"bidlist":null,"bidinfo":{"id":0,"bidcreationtime":0,"campaignid":0,"userid":"","quote":0},"notermsremaining":0},{"status":"active","id":71144,"userid":"r@r123.com","title":"axe effect","description":"short discription","loanamount":1000,"interest":7,"noOfTerms":60,"bidlist":null,"bidinfo":{"id":0,"bidcreationtime":0,"campaignid":0,"userid":"","quote":0},"notermsremaining":0},{"status":"active","id":6353,"userid":"r@r.com","title":"save me","description":"short discription","loanamount":100000,"interest":7.800000190734863,"noOfTerms":60,"bidlist":null,"bidinfo":{"id":0,"bidcreationtime":0,"campaignid":0,"userid":"","quote":0},"notermsremaining":0},{"status":"active","id":64457,"userid":"r@r.com","title":"save me","description":"short discription","loanamount":100000,"interest":7.800000190734863,"noOfTerms":60,"bidlist":null,"bidinfo":{"id":0,"bidcreationtime":0,"campaignid":0,"userid":"","quote":0},"notermsremaining":0}]}
[32m[2017-06-28 13:57:43.398] [INFO] console - [39mdata in campaignArray [object Object]
[32m[2017-06-28 14:42:01.223] [INFO] console - [39mdata in id:59262
[32m[2017-06-28 14:42:01.226] [INFO] console - [39mdata in name:risabh
[32m[2017-06-28 14:42:01.238] [INFO] console - [39mdata in email:risabh@rpqb.com
[32m[2017-06-28 14:42:01.242] [INFO] console - [39mdata in phone:12344567890
[32m[2017-06-28 14:42:01.244] [INFO] console - [39mdata in pan:pan12345
[32m[2017-06-28 14:42:01.248] [INFO] console - [39mdata in aadhar:123423513256
[32m[2017-06-28 14:42:01.251] [INFO] console - [39mdata in usertype:lender
[32m[2017-06-28 14:42:01.254] [INFO] console - [39mdata in upi:upi@1324231
[32m[2017-06-28 14:42:01.255] [INFO] console - [39mdata in passpin:123456
[32m[2017-06-28 14:42:01.255] [INFO] console - [39mregister object[object Object]
[32m[2017-06-28 14:42:01.255] [INFO] console - [39mENTERING THE Userregisteration from register.js to blockchainSdk
[32m[2017-06-28 14:42:01.256] [INFO] console - [39mcalling SDK for registration
[34m[2017-06-28 14:42:01.257] [TRACE] blockchain_sdk - [39mUserRegisteration : entry 
[34m[2017-06-28 14:42:01.260] [TRACE] blockchain_sdk - [39mUserRegisteration : params - {"user":"risabh.s","UserDetails":{"id":"59262","name":"risabh","email":"risabh@rpqb.com","phone":"12344567890","pan":"pan12345","aadhar":"123423513256","usertype":"lender","upi":"upi@1324231","passpin":"123456"}} 
[34m[2017-06-28 14:42:01.264] [TRACE] blockchain_sdk - [39mdoInvoke : entry 
[34m[2017-06-28 14:42:01.269] [TRACE] blockchain_sdk - [39mdoInvoke : params - {"requestSpec":{"chaincodeID":"c8e6c8f4e5652369fdd207d6390155260994fa98b06696352af0d6584bea6c3c5ef062f9bef2ca90301c9b3e755f79d7ac6ce9ee6d69a63d7f788c4b601e57fc","fcn":"registerUser","args":["59262","risabh","risabh@rpqb.com","12344567890","pan12345","123423513256","lender","upi@1324231","123456"]},"user":"risabh.s","retryCounter":0} 
[31m[2017-06-28 14:42:01.594] [ERROR] blockchain_sdk - [39mdoInvoke : Could not perform invoke  - EventTransactionError {  error:    { Error: {"created":"@1498641121.593061956","description":"Secure read failed","file":"../src/core/lib/security/transport/secure_endpoint.c","file_line":157,"grpc_status":14,"referenced_errors":[{"created":"@1498641121.593049402","description":"OS Error","errno":104,"file":"../src/core/lib/iomgr/tcp_posix.c","file_line":229,"os_error":"Connection reset by peer","syscall":"recvmsg"}]}       at /home/risabh/nodeWorkspace/p2plending/p2pnode/node_modules/grpc/src/node/src/client.js:417:17 code: 14, metadata: [Object] },  msg: 'Error: {"created":"@1498641121.593061956","description":"Secure read failed","file":"../src/core/lib/security/transport/secure_endpoint.c","file_line":157,"grpc_status":14,"referenced_errors":[{"created":"@1498641121.593049402","description":"OS Error","errno":104,"file":"../src/core/lib/iomgr/tcp_posix.c","file_line":229,"os_error":"Connection reset by peer","syscall":"recvmsg"}]}' }
[31m[2017-06-28 14:42:03.597] [ERROR] blockchain_sdk - [39mrecursiveInvoke : Invoke Retry 0 - {"statusCode":500,"body":"Could not perform invoke "}
[34m[2017-06-28 14:42:03.599] [TRACE] blockchain_sdk - [39mdoInvoke : entry 
[34m[2017-06-28 14:42:03.603] [TRACE] blockchain_sdk - [39mdoInvoke : params - {"requestSpec":{"chaincodeID":"c8e6c8f4e5652369fdd207d6390155260994fa98b06696352af0d6584bea6c3c5ef062f9bef2ca90301c9b3e755f79d7ac6ce9ee6d69a63d7f788c4b601e57fc","fcn":"registerUser","args":["59262","risabh","risabh@rpqb.com","12344567890","pan12345","123423513256","lender","upi@1324231","123456"]},"user":"risabh.s","retryCounter":1} 
[32m[2017-06-28 14:42:04.868] [INFO] blockchain_sdk - [39mdoInvoke : Transaction for invoke submitted  - {"chaincodeID":"c8e6c8f4e5652369fdd207d6390155260994fa98b06696352af0d6584bea6c3c5ef062f9bef2ca90301c9b3e755f79d7ac6ce9ee6d69a63d7f788c4b601e57fc","fcn":"registerUser","args":["59262","risabh","risabh@rpqb.com","12344567890","pan12345","123423513256","lender","upi@1324231","123456"]}
[32m[2017-06-28 14:42:04.869] [INFO] blockchain_sdk - [39mUserRegisteration : Successfully registered user - EventInvokeSubmitted { uuid: 'd2e6b662-6680-495c-846d-4b3dd5e4ee63' }
[32m[2017-06-28 14:42:06.298] [INFO] blockchain_sdk - [39mdoInvoke : Transaction for invoke complete  - EventInvokeComplete { result: 'Tx 20c29041-0daa-475f-8641-44c80a1818a7 complete' }
[32m[2017-06-28 14:42:08.662] [INFO] blockchain_sdk - [39mdoInvoke : Transaction for invoke complete  - EventInvokeComplete { result: 'Tx d2e6b662-6680-495c-846d-4b3dd5e4ee63 complete' }
[32m[2017-06-28 14:42:43.601] [INFO] console - [39mdata in id:46015
[32m[2017-06-28 14:42:43.604] [INFO] console - [39mENTERING THE CORE MODULE
[32m[2017-06-28 14:42:43.605] [INFO] console - [39mcalling SDK for create campaign
[34m[2017-06-28 14:42:43.606] [TRACE] blockchain_sdk - [39mcreateCampaign : entry 
[34m[2017-06-28 14:42:43.606] [TRACE] blockchain_sdk - [39mcreateCampaign : params - {"user":"risabh.s","CampaignDetails":{"status":"active","campaign_id":"46015","user_id":"r@r.com","campaign_title":"save me","campaign_discription":"short discription","loan_amt":"100000","interest_rate":"7.8","term":"60"}} 
[34m[2017-06-28 14:42:43.606] [TRACE] blockchain_sdk - [39mdoInvoke : entry 
[34m[2017-06-28 14:42:43.607] [TRACE] blockchain_sdk - [39mdoInvoke : params - {"requestSpec":{"chaincodeID":"c8e6c8f4e5652369fdd207d6390155260994fa98b06696352af0d6584bea6c3c5ef062f9bef2ca90301c9b3e755f79d7ac6ce9ee6d69a63d7f788c4b601e57fc","fcn":"CreateCampaign","args":["active","46015","r@r.com","save me","short discription","100000","7.8","60"]},"user":"risabh.s","retryCounter":0} 
[32m[2017-06-28 14:42:44.145] [INFO] blockchain_sdk - [39mdoInvoke : Transaction for invoke submitted  - {"chaincodeID":"c8e6c8f4e5652369fdd207d6390155260994fa98b06696352af0d6584bea6c3c5ef062f9bef2ca90301c9b3e755f79d7ac6ce9ee6d69a63d7f788c4b601e57fc","fcn":"CreateCampaign","args":["active","46015","r@r.com","save me","short discription","100000","7.8","60"]}
[32m[2017-06-28 14:42:44.146] [INFO] blockchain_sdk - [39mCreateCampaign : Successfully created campaign - EventInvokeSubmitted { uuid: '3b2cf3d4-8d17-4415-8fd0-5f876d777fed' }
[32m[2017-06-28 14:42:48.634] [INFO] blockchain_sdk - [39mdoInvoke : Transaction for invoke complete  - EventInvokeComplete { result: 'Tx 3b2cf3d4-8d17-4415-8fd0-5f876d777fed complete' }
[32m[2017-06-28 14:43:44.848] [INFO] console - [39m{ user: 'risabh.s', getcusers: 'getcusers' } 'data in params for query method'
[34m[2017-06-28 14:43:44.850] [TRACE] blockchain_sdk - [39mfetch campaign details : entry 
[34m[2017-06-28 14:43:44.858] [TRACE] blockchain_sdk - [39mfetch campaign details : params - {"user":"risabh.s","getcusers":"getcusers"} 
[34m[2017-06-28 14:43:44.860] [TRACE] blockchain_sdk - [39mdoQuery : entry 
[34m[2017-06-28 14:43:44.862] [TRACE] blockchain_sdk - [39mdoQuery : params - {"requestSpec":{"chaincodeID":"c8e6c8f4e5652369fdd207d6390155260994fa98b06696352af0d6584bea6c3c5ef062f9bef2ca90301c9b3e755f79d7ac6ce9ee6d69a63d7f788c4b601e57fc","fcn":"readuser","args":["getcusers"]},"user":"risabh.s","retryCounter":0} 
[32m[2017-06-28 14:43:45.360] [INFO] blockchain_sdk - [39mdoQuery : data in data.result  - <Buffer 7b 22 63 61 6d 70 61 69 67 6e 6c 69 73 74 22 3a 5b 7b 22 73 74 61 74 75 73 22 3a 22 61 63 74 69 76 65 22 2c 22 69 64 22 3a 34 32 33 32 2c 22 75 73 65 ... >
[32m[2017-06-28 14:43:45.361] [INFO] blockchain_sdk - [39mdoQuery : data in buffer.tostring  - '{"campaignlist":[{"status":"active","id":4232,"userid":"r@r.com","title":"save me","description":"short discription","loanamount":100000,"interest":7.800000190734863,"noOfTerms":60,"bidlist":null,"bidinfo":{"id":0,"bidcreationtime":0,"campaignid":0,"userid":"","quote":0},"notermsremaining":0},{"status":"active","id":4232,"userid":"r@r.com","title":"save me","description":"short discription","loanamount":100000,"interest":7.800000190734863,"noOfTerms":60,"bidlist":null,"bidinfo":{"id":0,"bidcreationtime":0,"campaignid":0,"userid":"","quote":0},"notermsremaining":0},{"status":"active","id":4232,"userid":"r@r.com","title":"save me","description":"short discription","loanamount":100000,"interest":7.800000190734863,"noOfTerms":60,"bidlist":null,"bidinfo":{"id":0,"bidcreationtime":0,"campaignid":0,"userid":"","quote":0},"notermsremaining":0},{"status":"active","id":4232,"userid":"r@r.com","title":"save me","description":"short discription","loanamount":100000,"interest":7.800000190734863,"noOfTerms":60,"bidlist":null,"bidinfo":{"id":0,"bidcreationtime":0,"campaignid":0,"userid":"","quote":0},"notermsremaining":0},{"status":"active","id":57402,"userid":"r@r.com","title":"save me","description":"short discription","loanamount":100000,"interest":7.800000190734863,"noOfTerms":60,"bidlist":null,"bidinfo":{"id":0,"bidcreationtime":0,"campaignid":0,"userid":"","quote":0},"notermsremaining":0},{"status":"active","id":54862,"userid":"r@r.com","title":"save me","description":"short discription","loanamount":100000,"interest":7.800000190734863,"noOfTerms":60,"bidlist":null,"bidinfo":{"id":0,"bidcreationtime":0,"campaignid":0,"userid":"","quote":0},"notermsremaining":0},{"status":"active","id":71144,"userid":"r@r123.com","title":"axe effect","description":"short discription","loanamount":1000,"interest":7,"noOfTerms":60,"bidlist":null,"bidinfo":{"id":0,"bidcreationtime":0,"campaignid":0,"userid":"","quote":0},"notermsremaining":0},{"status":"active","id":6353,"userid":"r@r.com","title":"save me","description":"short discription","loanamount":100000,"interest":7.800000190734863,"noOfTerms":60,"bidlist":null,"bidinfo":{"id":0,"bidcreationtime":0,"campaignid":0,"userid":"","quote":0},"notermsremaining":0},{"status":"active","id":64457,"userid":"r@r.com","title":"save me","description":"short discription","loanamount":100000,"interest":7.800000190734863,"noOfTerms":60,"bidlist":null,"bidinfo":{"id":0,"bidcreationtime":0,"campaignid":0,"userid":"","quote":0},"notermsremaining":0},{"status":"active","id":46015,"userid":"r@r.com","title":"save me","description":"short discription","loanamount":100000,"interest":7.800000190734863,"noOfTerms":60,"bidlist":null,"bidinfo":{"id":0,"bidcreationtime":0,"campaignid":0,"userid":"","quote":0},"notermsremaining":0}]}'
[32m[2017-06-28 14:43:45.362] [INFO] blockchain_sdk - [39mfetched campaign details : Successfully fetched login details - {"campaignlist":[{"status":"active","id":4232,"userid":"r@r.com","title":"save me","description":"short discription","loanamount":100000,"interest":7.800000190734863,"noOfTerms":60,"bidlist":null,"bidinfo":{"id":0,"bidcreationtime":0,"campaignid":0,"userid":"","quote":0},"notermsremaining":0},{"status":"active","id":4232,"userid":"r@r.com","title":"save me","description":"short discription","loanamount":100000,"interest":7.800000190734863,"noOfTerms":60,"bidlist":null,"bidinfo":{"id":0,"bidcreationtime":0,"campaignid":0,"userid":"","quote":0},"notermsremaining":0},{"status":"active","id":4232,"userid":"r@r.com","title":"save me","description":"short discription","loanamount":100000,"interest":7.800000190734863,"noOfTerms":60,"bidlist":null,"bidinfo":{"id":0,"bidcreationtime":0,"campaignid":0,"userid":"","quote":0},"notermsremaining":0},{"status":"active","id":4232,"userid":"r@r.com","title":"save me","description":"short discription","loanamount":100000,"interest":7.800000190734863,"noOfTerms":60,"bidlist":null,"bidinfo":{"id":0,"bidcreationtime":0,"campaignid":0,"userid":"","quote":0},"notermsremaining":0},{"status":"active","id":57402,"userid":"r@r.com","title":"save me","description":"short discription","loanamount":100000,"interest":7.800000190734863,"noOfTerms":60,"bidlist":null,"bidinfo":{"id":0,"bidcreationtime":0,"campaignid":0,"userid":"","quote":0},"notermsremaining":0},{"status":"active","id":54862,"userid":"r@r.com","title":"save me","description":"short discription","loanamount":100000,"interest":7.800000190734863,"noOfTerms":60,"bidlist":null,"bidinfo":{"id":0,"bidcreationtime":0,"campaignid":0,"userid":"","quote":0},"notermsremaining":0},{"status":"active","id":71144,"userid":"r@r123.com","title":"axe effect","description":"short discription","loanamount":1000,"interest":7,"noOfTerms":60,"bidlist":null,"bidinfo":{"id":0,"bidcreationtime":0,"campaignid":0,"userid":"","quote":0},"notermsremaining":0},{"status":"active","id":6353,"userid":"r@r.com","title":"save me","description":"short discription","loanamount":100000,"interest":7.800000190734863,"noOfTerms":60,"bidlist":null,"bidinfo":{"id":0,"bidcreationtime":0,"campaignid":0,"userid":"","quote":0},"notermsremaining":0},{"status":"active","id":64457,"userid":"r@r.com","title":"save me","description":"short discription","loanamount":100000,"interest":7.800000190734863,"noOfTerms":60,"bidlist":null,"bidinfo":{"id":0,"bidcreationtime":0,"campaignid":0,"userid":"","quote":0},"notermsremaining":0},{"status":"active","id":46015,"userid":"r@r.com","title":"save me","description":"short discription","loanamount":100000,"interest":7.800000190734863,"noOfTerms":60,"bidlist":null,"bidinfo":{"id":0,"bidcreationtime":0,"campaignid":0,"userid":"","quote":0},"notermsremaining":0}]}
[32m[2017-06-28 14:43:45.363] [INFO] console - [39mdata in campaignArray [object Object]
